<?xml version="1.0" encoding="UTF-8"?>
<testsuite xmlns:xsi="http://www.w3.org/2001/XMLSchema-instance" xsi:noNamespaceSchemaLocation="https://maven.apache.org/surefire/maven-surefire-plugin/xsd/surefire-test-report-3.0.xsd" version="3.0" name="runner.RunCucumberTest" time="52.991" tests="4" errors="0" skipped="0" failures="0">
  <properties>
    <property name="java.specification.version" value="20"/>
    <property name="sun.cpu.isalist" value="amd64"/>
    <property name="sun.jnu.encoding" value="Cp1252"/>
    <property name="java.class.path" value="M:\jenkins_prac\Cucumberdatadriven\target\test-classes;M:\jenkins_prac\Cucumberdatadriven\target\classes;C:\Users\Administrator\.m2\repository\io\cucumber\cucumber-java\7.14.0\cucumber-java-7.14.0.jar;C:\Users\Administrator\.m2\repository\io\cucumber\cucumber-core\7.14.0\cucumber-core-7.14.0.jar;C:\Users\Administrator\.m2\repository\io\cucumber\cucumber-gherkin\7.14.0\cucumber-gherkin-7.14.0.jar;C:\Users\Administrator\.m2\repository\io\cucumber\cucumber-gherkin-messages\7.14.0\cucumber-gherkin-messages-7.14.0.jar;C:\Users\Administrator\.m2\repository\io\cucumber\gherkin\26.2.0\gherkin-26.2.0.jar;C:\Users\Administrator\.m2\repository\io\cucumber\messages\22.0.0\messages-22.0.0.jar;C:\Users\Administrator\.m2\repository\io\cucumber\tag-expressions\5.0.6\tag-expressions-5.0.6.jar;C:\Users\Administrator\.m2\repository\io\cucumber\cucumber-expressions\16.1.2\cucumber-expressions-16.1.2.jar;C:\Users\Administrator\.m2\repository\io\cucumber\datatable\7.14.0\datatable-7.14.0.jar;C:\Users\Administrator\.m2\repository\io\cucumber\cucumber-plugin\7.14.0\cucumber-plugin-7.14.0.jar;C:\Users\Administrator\.m2\repository\io\cucumber\docstring\7.14.0\docstring-7.14.0.jar;C:\Users\Administrator\.m2\repository\io\cucumber\html-formatter\20.4.0\html-formatter-20.4.0.jar;C:\Users\Administrator\.m2\repository\io\cucumber\junit-xml-formatter\0.2.0\junit-xml-formatter-0.2.0.jar;C:\Users\Administrator\.m2\repository\io\cucumber\ci-environment\9.2.0\ci-environment-9.2.0.jar;C:\Users\Administrator\.m2\repository\org\apiguardian\apiguardian-api\1.1.2\apiguardian-api-1.1.2.jar;C:\Users\Administrator\.m2\repository\io\cucumber\cucumber-junit\7.14.0\cucumber-junit-7.14.0.jar;C:\Users\Administrator\.m2\repository\junit\junit\4.13.2\junit-4.13.2.jar;C:\Users\Administrator\.m2\repository\org\hamcrest\hamcrest-core\1.3\hamcrest-core-1.3.jar;C:\Users\Administrator\.m2\repository\org\seleniumhq\selenium\selenium-java\3.141.59\selenium-java-3.141.59.jar;C:\Users\Administrator\.m2\repository\org\seleniumhq\selenium\selenium-api\3.141.59\selenium-api-3.141.59.jar;C:\Users\Administrator\.m2\repository\org\seleniumhq\selenium\selenium-chrome-driver\3.141.59\selenium-chrome-driver-3.141.59.jar;C:\Users\Administrator\.m2\repository\org\seleniumhq\selenium\selenium-edge-driver\3.141.59\selenium-edge-driver-3.141.59.jar;C:\Users\Administrator\.m2\repository\org\seleniumhq\selenium\selenium-firefox-driver\3.141.59\selenium-firefox-driver-3.141.59.jar;C:\Users\Administrator\.m2\repository\org\seleniumhq\selenium\selenium-ie-driver\3.141.59\selenium-ie-driver-3.141.59.jar;C:\Users\Administrator\.m2\repository\org\seleniumhq\selenium\selenium-opera-driver\3.141.59\selenium-opera-driver-3.141.59.jar;C:\Users\Administrator\.m2\repository\org\seleniumhq\selenium\selenium-remote-driver\3.141.59\selenium-remote-driver-3.141.59.jar;C:\Users\Administrator\.m2\repository\org\seleniumhq\selenium\selenium-safari-driver\3.141.59\selenium-safari-driver-3.141.59.jar;C:\Users\Administrator\.m2\repository\org\seleniumhq\selenium\selenium-support\3.141.59\selenium-support-3.141.59.jar;C:\Users\Administrator\.m2\repository\net\bytebuddy\byte-buddy\1.8.15\byte-buddy-1.8.15.jar;C:\Users\Administrator\.m2\repository\org\apache\commons\commons-exec\1.3\commons-exec-1.3.jar;C:\Users\Administrator\.m2\repository\com\google\guava\guava\25.0-jre\guava-25.0-jre.jar;C:\Users\Administrator\.m2\repository\com\google\code\findbugs\jsr305\1.3.9\jsr305-1.3.9.jar;C:\Users\Administrator\.m2\repository\org\checkerframework\checker-compat-qual\2.0.0\checker-compat-qual-2.0.0.jar;C:\Users\Administrator\.m2\repository\com\google\errorprone\error_prone_annotations\2.1.3\error_prone_annotations-2.1.3.jar;C:\Users\Administrator\.m2\repository\com\google\j2objc\j2objc-annotations\1.1\j2objc-annotations-1.1.jar;C:\Users\Administrator\.m2\repository\org\codehaus\mojo\animal-sniffer-annotations\1.14\animal-sniffer-annotations-1.14.jar;C:\Users\Administrator\.m2\repository\com\squareup\okhttp3\okhttp\3.11.0\okhttp-3.11.0.jar;C:\Users\Administrator\.m2\repository\com\squareup\okio\okio\1.14.0\okio-1.14.0.jar;C:\Users\Administrator\.m2\repository\io\github\bonigarcia\webdrivermanager\5.5.3\webdrivermanager-5.5.3.jar;C:\Users\Administrator\.m2\repository\org\slf4j\slf4j-api\2.0.7\slf4j-api-2.0.7.jar;C:\Users\Administrator\.m2\repository\com\google\code\gson\gson\2.10.1\gson-2.10.1.jar;C:\Users\Administrator\.m2\repository\com\github\docker-java\docker-java\3.3.3\docker-java-3.3.3.jar;C:\Users\Administrator\.m2\repository\com\github\docker-java\docker-java-core\3.3.3\docker-java-core-3.3.3.jar;C:\Users\Administrator\.m2\repository\com\github\docker-java\docker-java-api\3.3.3\docker-java-api-3.3.3.jar;C:\Users\Administrator\.m2\repository\com\fasterxml\jackson\core\jackson-annotations\2.10.3\jackson-annotations-2.10.3.jar;C:\Users\Administrator\.m2\repository\commons-io\commons-io\2.6\commons-io-2.6.jar;C:\Users\Administrator\.m2\repository\org\apache\commons\commons-compress\1.21\commons-compress-1.21.jar;C:\Users\Administrator\.m2\repository\com\fasterxml\jackson\core\jackson-databind\2.10.3\jackson-databind-2.10.3.jar;C:\Users\Administrator\.m2\repository\com\fasterxml\jackson\core\jackson-core\2.10.3\jackson-core-2.10.3.jar;C:\Users\Administrator\.m2\repository\org\bouncycastle\bcpkix-jdk18on\1.75\bcpkix-jdk18on-1.75.jar;C:\Users\Administrator\.m2\repository\org\bouncycastle\bcprov-jdk18on\1.75\bcprov-jdk18on-1.75.jar;C:\Users\Administrator\.m2\repository\org\bouncycastle\bcutil-jdk18on\1.75\bcutil-jdk18on-1.75.jar;C:\Users\Administrator\.m2\repository\org\slf4j\jcl-over-slf4j\1.7.30\jcl-over-slf4j-1.7.30.jar;C:\Users\Administrator\.m2\repository\com\github\docker-java\docker-java-transport-httpclient5\3.3.3\docker-java-transport-httpclient5-3.3.3.jar;C:\Users\Administrator\.m2\repository\com\github\docker-java\docker-java-transport\3.3.3\docker-java-transport-3.3.3.jar;C:\Users\Administrator\.m2\repository\net\java\dev\jna\jna\5.12.1\jna-5.12.1.jar;C:\Users\Administrator\.m2\repository\org\brotli\dec\0.1.2\dec-0.1.2.jar;C:\Users\Administrator\.m2\repository\org\apache\commons\commons-lang3\3.13.0\commons-lang3-3.13.0.jar;C:\Users\Administrator\.m2\repository\org\apache\httpcomponents\client5\httpclient5\5.2.1\httpclient5-5.2.1.jar;C:\Users\Administrator\.m2\repository\org\apache\httpcomponents\core5\httpcore5\5.2\httpcore5-5.2.jar;C:\Users\Administrator\.m2\repository\org\apache\httpcomponents\core5\httpcore5-h2\5.2\httpcore5-h2-5.2.jar;"/>
    <property name="java.vm.vendor" value="Oracle Corporation"/>
    <property name="sun.arch.data.model" value="64"/>
    <property name="user.variant" value=""/>
    <property name="java.vendor.url" value="https://java.oracle.com/"/>
    <property name="user.timezone" value="Asia/Calcutta"/>
    <property name="os.name" value="Windows 10"/>
    <property name="java.vm.specification.version" value="20"/>
    <property name="sun.java.launcher" value="SUN_STANDARD"/>
    <property name="user.country" value="IN"/>
    <property name="sun.boot.library.path" value="C:\Program Files\Java\jdk-20\bin"/>
    <property name="sun.java.command" value="C:\Users\Administrator\AppData\Local\Temp\surefire12203811129135641130\surefirebooter-20230911215520976_3.jar C:\Users\Administrator\AppData\Local\Temp\surefire12203811129135641130 2023-09-11T21-55-20_772-jvmRun1 surefire-20230911215520976_1tmp surefire_0-20230911215520976_2tmp"/>
    <property name="jdk.debug" value="release"/>
    <property name="surefire.test.class.path" value="M:\jenkins_prac\Cucumberdatadriven\target\test-classes;M:\jenkins_prac\Cucumberdatadriven\target\classes;C:\Users\Administrator\.m2\repository\io\cucumber\cucumber-java\7.14.0\cucumber-java-7.14.0.jar;C:\Users\Administrator\.m2\repository\io\cucumber\cucumber-core\7.14.0\cucumber-core-7.14.0.jar;C:\Users\Administrator\.m2\repository\io\cucumber\cucumber-gherkin\7.14.0\cucumber-gherkin-7.14.0.jar;C:\Users\Administrator\.m2\repository\io\cucumber\cucumber-gherkin-messages\7.14.0\cucumber-gherkin-messages-7.14.0.jar;C:\Users\Administrator\.m2\repository\io\cucumber\gherkin\26.2.0\gherkin-26.2.0.jar;C:\Users\Administrator\.m2\repository\io\cucumber\messages\22.0.0\messages-22.0.0.jar;C:\Users\Administrator\.m2\repository\io\cucumber\tag-expressions\5.0.6\tag-expressions-5.0.6.jar;C:\Users\Administrator\.m2\repository\io\cucumber\cucumber-expressions\16.1.2\cucumber-expressions-16.1.2.jar;C:\Users\Administrator\.m2\repository\io\cucumber\datatable\7.14.0\datatable-7.14.0.jar;C:\Users\Administrator\.m2\repository\io\cucumber\cucumber-plugin\7.14.0\cucumber-plugin-7.14.0.jar;C:\Users\Administrator\.m2\repository\io\cucumber\docstring\7.14.0\docstring-7.14.0.jar;C:\Users\Administrator\.m2\repository\io\cucumber\html-formatter\20.4.0\html-formatter-20.4.0.jar;C:\Users\Administrator\.m2\repository\io\cucumber\junit-xml-formatter\0.2.0\junit-xml-formatter-0.2.0.jar;C:\Users\Administrator\.m2\repository\io\cucumber\ci-environment\9.2.0\ci-environment-9.2.0.jar;C:\Users\Administrator\.m2\repository\org\apiguardian\apiguardian-api\1.1.2\apiguardian-api-1.1.2.jar;C:\Users\Administrator\.m2\repository\io\cucumber\cucumber-junit\7.14.0\cucumber-junit-7.14.0.jar;C:\Users\Administrator\.m2\repository\junit\junit\4.13.2\junit-4.13.2.jar;C:\Users\Administrator\.m2\repository\org\hamcrest\hamcrest-core\1.3\hamcrest-core-1.3.jar;C:\Users\Administrator\.m2\repository\org\seleniumhq\selenium\selenium-java\3.141.59\selenium-java-3.141.59.jar;C:\Users\Administrator\.m2\repository\org\seleniumhq\selenium\selenium-api\3.141.59\selenium-api-3.141.59.jar;C:\Users\Administrator\.m2\repository\org\seleniumhq\selenium\selenium-chrome-driver\3.141.59\selenium-chrome-driver-3.141.59.jar;C:\Users\Administrator\.m2\repository\org\seleniumhq\selenium\selenium-edge-driver\3.141.59\selenium-edge-driver-3.141.59.jar;C:\Users\Administrator\.m2\repository\org\seleniumhq\selenium\selenium-firefox-driver\3.141.59\selenium-firefox-driver-3.141.59.jar;C:\Users\Administrator\.m2\repository\org\seleniumhq\selenium\selenium-ie-driver\3.141.59\selenium-ie-driver-3.141.59.jar;C:\Users\Administrator\.m2\repository\org\seleniumhq\selenium\selenium-opera-driver\3.141.59\selenium-opera-driver-3.141.59.jar;C:\Users\Administrator\.m2\repository\org\seleniumhq\selenium\selenium-remote-driver\3.141.59\selenium-remote-driver-3.141.59.jar;C:\Users\Administrator\.m2\repository\org\seleniumhq\selenium\selenium-safari-driver\3.141.59\selenium-safari-driver-3.141.59.jar;C:\Users\Administrator\.m2\repository\org\seleniumhq\selenium\selenium-support\3.141.59\selenium-support-3.141.59.jar;C:\Users\Administrator\.m2\repository\net\bytebuddy\byte-buddy\1.8.15\byte-buddy-1.8.15.jar;C:\Users\Administrator\.m2\repository\org\apache\commons\commons-exec\1.3\commons-exec-1.3.jar;C:\Users\Administrator\.m2\repository\com\google\guava\guava\25.0-jre\guava-25.0-jre.jar;C:\Users\Administrator\.m2\repository\com\google\code\findbugs\jsr305\1.3.9\jsr305-1.3.9.jar;C:\Users\Administrator\.m2\repository\org\checkerframework\checker-compat-qual\2.0.0\checker-compat-qual-2.0.0.jar;C:\Users\Administrator\.m2\repository\com\google\errorprone\error_prone_annotations\2.1.3\error_prone_annotations-2.1.3.jar;C:\Users\Administrator\.m2\repository\com\google\j2objc\j2objc-annotations\1.1\j2objc-annotations-1.1.jar;C:\Users\Administrator\.m2\repository\org\codehaus\mojo\animal-sniffer-annotations\1.14\animal-sniffer-annotations-1.14.jar;C:\Users\Administrator\.m2\repository\com\squareup\okhttp3\okhttp\3.11.0\okhttp-3.11.0.jar;C:\Users\Administrator\.m2\repository\com\squareup\okio\okio\1.14.0\okio-1.14.0.jar;C:\Users\Administrator\.m2\repository\io\github\bonigarcia\webdrivermanager\5.5.3\webdrivermanager-5.5.3.jar;C:\Users\Administrator\.m2\repository\org\slf4j\slf4j-api\2.0.7\slf4j-api-2.0.7.jar;C:\Users\Administrator\.m2\repository\com\google\code\gson\gson\2.10.1\gson-2.10.1.jar;C:\Users\Administrator\.m2\repository\com\github\docker-java\docker-java\3.3.3\docker-java-3.3.3.jar;C:\Users\Administrator\.m2\repository\com\github\docker-java\docker-java-core\3.3.3\docker-java-core-3.3.3.jar;C:\Users\Administrator\.m2\repository\com\github\docker-java\docker-java-api\3.3.3\docker-java-api-3.3.3.jar;C:\Users\Administrator\.m2\repository\com\fasterxml\jackson\core\jackson-annotations\2.10.3\jackson-annotations-2.10.3.jar;C:\Users\Administrator\.m2\repository\commons-io\commons-io\2.6\commons-io-2.6.jar;C:\Users\Administrator\.m2\repository\org\apache\commons\commons-compress\1.21\commons-compress-1.21.jar;C:\Users\Administrator\.m2\repository\com\fasterxml\jackson\core\jackson-databind\2.10.3\jackson-databind-2.10.3.jar;C:\Users\Administrator\.m2\repository\com\fasterxml\jackson\core\jackson-core\2.10.3\jackson-core-2.10.3.jar;C:\Users\Administrator\.m2\repository\org\bouncycastle\bcpkix-jdk18on\1.75\bcpkix-jdk18on-1.75.jar;C:\Users\Administrator\.m2\repository\org\bouncycastle\bcprov-jdk18on\1.75\bcprov-jdk18on-1.75.jar;C:\Users\Administrator\.m2\repository\org\bouncycastle\bcutil-jdk18on\1.75\bcutil-jdk18on-1.75.jar;C:\Users\Administrator\.m2\repository\org\slf4j\jcl-over-slf4j\1.7.30\jcl-over-slf4j-1.7.30.jar;C:\Users\Administrator\.m2\repository\com\github\docker-java\docker-java-transport-httpclient5\3.3.3\docker-java-transport-httpclient5-3.3.3.jar;C:\Users\Administrator\.m2\repository\com\github\docker-java\docker-java-transport\3.3.3\docker-java-transport-3.3.3.jar;C:\Users\Administrator\.m2\repository\net\java\dev\jna\jna\5.12.1\jna-5.12.1.jar;C:\Users\Administrator\.m2\repository\org\brotli\dec\0.1.2\dec-0.1.2.jar;C:\Users\Administrator\.m2\repository\org\apache\commons\commons-lang3\3.13.0\commons-lang3-3.13.0.jar;C:\Users\Administrator\.m2\repository\org\apache\httpcomponents\client5\httpclient5\5.2.1\httpclient5-5.2.1.jar;C:\Users\Administrator\.m2\repository\org\apache\httpcomponents\core5\httpcore5\5.2\httpcore5-5.2.jar;C:\Users\Administrator\.m2\repository\org\apache\httpcomponents\core5\httpcore5-h2\5.2\httpcore5-h2-5.2.jar;"/>
    <property name="sun.cpu.endian" value="little"/>
    <property name="user.home" value="C:\Users\Administrator"/>
    <property name="user.language" value="en"/>
    <property name="java.specification.vendor" value="Oracle Corporation"/>
    <property name="java.version.date" value="2023-07-18"/>
    <property name="java.home" value="C:\Program Files\Java\jdk-20"/>
    <property name="file.separator" value="\"/>
    <property name="basedir" value="M:\jenkins_prac\Cucumberdatadriven"/>
    <property name="java.vm.compressedOopsMode" value="32-bit"/>
    <property name="line.separator" value="&#10;"/>
    <property name="java.vm.specification.vendor" value="Oracle Corporation"/>
    <property name="java.specification.name" value="Java Platform API Specification"/>
    <property name="surefire.real.class.path" value="C:\Users\Administrator\AppData\Local\Temp\surefire12203811129135641130\surefirebooter-20230911215520976_3.jar"/>
    <property name="user.script" value=""/>
    <property name="sun.management.compiler" value="HotSpot 64-Bit Tiered Compilers"/>
    <property name="java.runtime.version" value="20.0.2+9-78"/>
    <property name="user.name" value="Administrator"/>
    <property name="stdout.encoding" value="Cp1252"/>
    <property name="path.separator" value=";"/>
    <property name="os.version" value="10.0"/>
    <property name="java.runtime.name" value="Java(TM) SE Runtime Environment"/>
    <property name="file.encoding" value="UTF-8"/>
    <property name="java.vm.name" value="Java HotSpot(TM) 64-Bit Server VM"/>
    <property name="localRepository" value="C:\Users\Administrator\.m2\repository"/>
    <property name="java.vendor.url.bug" value="https://bugreport.java.com/bugreport/"/>
    <property name="java.io.tmpdir" value="C:\Users\ADMINI~1\AppData\Local\Temp\"/>
    <property name="java.version" value="20.0.2"/>
    <property name="user.dir" value="M:\jenkins_prac\Cucumberdatadriven"/>
    <property name="os.arch" value="amd64"/>
    <property name="java.vm.specification.name" value="Java Virtual Machine Specification"/>
    <property name="sun.os.patch.level" value=""/>
    <property name="native.encoding" value="Cp1252"/>
    <property name="java.library.path" value="C:\Program Files\Java\jdk-20\bin;C:\Windows\Sun\Java\bin;C:\Windows\system32;C:\Windows;C:\oraclexe\app\oracle\product\10.2.0\server\bin;C:\Windows\system32;C:\Windows;C:\Windows\System32\Wbem;C:\Windows\System32\WindowsPowerShell\v1.0\;C:\Windows\System32\OpenSSH\;M:\programfiles\NodeJs\;C:\Program Files\Java\jdk-20\bin;C:\Program Files\Git\cmd;C:\ffmpeg\bin;C:\Users\Administrator\AppData\Local\Android\Sdk\build-tools;C:\gstreamer\1.0\msvc_x86_64\bin;C:\apache-maven-3.9.4\bin;C:\Users\Administrator\AppData\Local\Microsoft\WindowsApps;C:\Users\Administrator\AppData\Local\GitHubDesktop\bin;C:\Users\Administrator\AppData\Roaming\npm;."/>
    <property name="java.vm.info" value="mixed mode, sharing"/>
    <property name="stderr.encoding" value="Cp1252"/>
    <property name="java.vendor" value="Oracle Corporation"/>
    <property name="java.vm.version" value="20.0.2+9-78"/>
    <property name="sun.io.unicode.encoding" value="UnicodeLittle"/>
    <property name="java.class.version" value="64.0"/>
  </properties>
  <testcase name="Login with different credentials #1" classname="Login feature" time="13.666">
    <system-out><![CDATA[
@login
Scenario Outline: Login with different credentials                &amp#27;[90m# src/test/resources/login.feature:12&amp#27;[0m
  &amp#27;[32mGiven &amp#27;[0m&amp#27;[32mI open the login page&amp#27;[0m                                     &amp#27;[90m# stepdefinition.LoginStep.i_open_the_login_page()&amp#27;[0m
  &amp#27;[32mWhen &amp#27;[0m&amp#27;[32mI enter username as &amp#27;[0m&amp#27;[32m&amp#27;[1m"mayusri"&amp#27;[0m&amp#27;[32m and password as &amp#27;[0m&amp#27;[32m&amp#27;[1m"mayusri*1A"&amp#27;[0m &amp#27;[90m# stepdefinition.LoginStep.i_enter_username_as_and_password_as(java.lang.String,java.lang.String)&amp#27;[0m
  &amp#27;[32mAnd &amp#27;[0m&amp#27;[32mI click the login button&amp#27;[0m                                    &amp#27;[90m# stepdefinition.LoginStep.i_click_the_login_button()&amp#27;[0m
  &amp#27;[32mThen &amp#27;[0m&amp#27;[32mI should see the Login successful. message&amp#27;[0m                 &amp#27;[90m# stepdefinition.LoginStep.i_should_see_the_login_successful_message()&amp#27;[0m

    Embedding Screenshot [image/png 10819 bytes]

]]></system-out>
    <system-err><![CDATA[Sept 11, 2023 9:55:22 PM io.cucumber.core.options.CucumberPropertiesParser lambda$warnWhenCucumberOptionsIsUsed$2
WARNING: Passing commandline options via the property 'cucumber.options' is no longer supported. Please use individual properties instead. See the java doc on io.cucumber.core.options.Constants for details.
SLF4J: No SLF4J providers were found.
SLF4J: Defaulting to no-operation (NOP) logger implementation
SLF4J: See https://www.slf4j.org/codes.html#noProviders for further details.
Starting ChromeDriver 116.0.5845.96 (1a391816688002153ef791ffe60d9e899a71a037-refs/branch-heads/5845@{#1382}) on port 13772
Only local connections are allowed.
Please see https://chromedriver.chromium.org/security-considerations for suggestions on keeping ChromeDriver safe.
ChromeDriver was started successfully.
Sept 11, 2023 9:55:25 PM org.openqa.selenium.remote.ProtocolHandshake createSession
INFO: Detected dialect: W3C
]]></system-err>
  </testcase>
  <testcase name="Login with different credentials #2" classname="Login feature" time="12.067">
    <system-out><![CDATA[
@login
Scenario Outline: Login with different credentials                 &amp#27;[90m# src/test/resources/login.feature:13&amp#27;[0m
  &amp#27;[32mGiven &amp#27;[0m&amp#27;[32mI open the login page&amp#27;[0m                                      &amp#27;[90m# stepdefinition.LoginStep.i_open_the_login_page()&amp#27;[0m
  &amp#27;[32mWhen &amp#27;[0m&amp#27;[32mI enter username as &amp#27;[0m&amp#27;[32m&amp#27;[1m"mayursri"&amp#27;[0m&amp#27;[32m and password as &amp#27;[0m&amp#27;[32m&amp#27;[1m"mayusri*1A"&amp#27;[0m &amp#27;[90m# stepdefinition.LoginStep.i_enter_username_as_and_password_as(java.lang.String,java.lang.String)&amp#27;[0m
  &amp#27;[32mAnd &amp#27;[0m&amp#27;[32mI click the login button&amp#27;[0m                                     &amp#27;[90m# stepdefinition.LoginStep.i_click_the_login_button()&amp#27;[0m
  &amp#27;[32mThen &amp#27;[0m&amp#27;[32mI should see the Invalid username or password. message&amp#27;[0m      &amp#27;[90m# stepdefinition.LoginStep.i_should_see_the_invalid_username_or_password_message()&amp#27;[0m

    Embedding Screenshot [image/png 12533 bytes]

]]></system-out>
    <system-err><![CDATA[Starting ChromeDriver 116.0.5845.96 (1a391816688002153ef791ffe60d9e899a71a037-refs/branch-heads/5845@{#1382}) on port 6454
Only local connections are allowed.
Please see https://chromedriver.chromium.org/security-considerations for suggestions on keeping ChromeDriver safe.
ChromeDriver was started successfully.
Sept 11, 2023 9:55:38 PM org.openqa.selenium.remote.ProtocolHandshake createSession
INFO: Detected dialect: W3C
]]></system-err>
  </testcase>
  <testcase name="Login with different credentials #3" classname="Login feature" time="12.178">
    <system-out><![CDATA[
@login
Scenario Outline: Login with different credentials            &amp#27;[90m# src/test/resources/login.feature:14&amp#27;[0m
  &amp#27;[32mGiven &amp#27;[0m&amp#27;[32mI open the login page&amp#27;[0m                                 &amp#27;[90m# stepdefinition.LoginStep.i_open_the_login_page()&amp#27;[0m
  &amp#27;[32mWhen &amp#27;[0m&amp#27;[32mI enter username as &amp#27;[0m&amp#27;[32m&amp#27;[1m"anyone"&amp#27;[0m&amp#27;[32m and password as &amp#27;[0m&amp#27;[32m&amp#27;[1m"welcome"&amp#27;[0m &amp#27;[90m# stepdefinition.LoginStep.i_enter_username_as_and_password_as(java.lang.String,java.lang.String)&amp#27;[0m
  &amp#27;[32mAnd &amp#27;[0m&amp#27;[32mI click the login button&amp#27;[0m                                &amp#27;[90m# stepdefinition.LoginStep.i_click_the_login_button()&amp#27;[0m
  &amp#27;[32mThen &amp#27;[0m&amp#27;[32mI should see the Invalid username or password. message&amp#27;[0m &amp#27;[90m# stepdefinition.LoginStep.i_should_see_the_invalid_username_or_password_message()&amp#27;[0m

    Embedding Screenshot [image/png 12533 bytes]

]]></system-out>
    <system-err><![CDATA[Starting ChromeDriver 116.0.5845.96 (1a391816688002153ef791ffe60d9e899a71a037-refs/branch-heads/5845@{#1382}) on port 7298
Only local connections are allowed.
Please see https://chromedriver.chromium.org/security-considerations for suggestions on keeping ChromeDriver safe.
ChromeDriver was started successfully.
Sept 11, 2023 9:55:50 PM org.openqa.selenium.remote.ProtocolHandshake createSession
INFO: Detected dialect: W3C
]]></system-err>
  </testcase>
  <testcase name="Login with different credentials #4" classname="Login feature" time="11.997">
    <system-out><![CDATA[
@login
Scenario Outline: Login with different credentials            &amp#27;[90m# src/test/resources/login.feature:15&amp#27;[0m
  &amp#27;[32mGiven &amp#27;[0m&amp#27;[32mI open the login page&amp#27;[0m                                 &amp#27;[90m# stepdefinition.LoginStep.i_open_the_login_page()&amp#27;[0m
  &amp#27;[32mWhen &amp#27;[0m&amp#27;[32mI enter username as &amp#27;[0m&amp#27;[32m&amp#27;[1m"anyone"&amp#27;[0m&amp#27;[32m and password as &amp#27;[0m&amp#27;[32m&amp#27;[1m"welcome"&amp#27;[0m &amp#27;[90m# stepdefinition.LoginStep.i_enter_username_as_and_password_as(java.lang.String,java.lang.String)&amp#27;[0m
  &amp#27;[32mAnd &amp#27;[0m&amp#27;[32mI click the login button&amp#27;[0m                                &amp#27;[90m# stepdefinition.LoginStep.i_click_the_login_button()&amp#27;[0m
  &amp#27;[32mThen &amp#27;[0m&amp#27;[32mI should see the Invalid username or password. message&amp#27;[0m &amp#27;[90m# stepdefinition.LoginStep.i_should_see_the_invalid_username_or_password_message()&amp#27;[0m

    Embedding Screenshot [image/png 12533 bytes]

]]></system-out>
    <system-err><![CDATA[Starting ChromeDriver 116.0.5845.96 (1a391816688002153ef791ffe60d9e899a71a037-refs/branch-heads/5845@{#1382}) on port 38703
Only local connections are allowed.
Please see https://chromedriver.chromium.org/security-considerations for suggestions on keeping ChromeDriver safe.
ChromeDriver was started successfully.
Sept 11, 2023 9:56:02 PM org.openqa.selenium.remote.ProtocolHandshake createSession
INFO: Detected dialect: W3C
]]></system-err>
  </testcase>
</testsuite>