<?xml version="1.0" encoding="UTF-8"?>
<!-- Generated by org.testng.reporters.JUnitReportReporter -->
<testsuite hostname="DESKTOP-2DBDLS4" failures="0" tests="1" name="testrunner.LoginTestRunner2" time="1.499" errors="0" timestamp="13 Oct 2023 08:27:59 GMT" skipped="0">
  <testcase classname="testrunner.LoginTestRunner2" name="loginWithInvalidEmailTest" time="1.499"/>
</testsuite> <!-- testrunner.LoginTestRunner2 -->
