<?xml version="1.0" encoding="UTF-8"?>
<!-- Generated by org.testng.reporters.JUnitReportReporter -->
<testsuite hostname="DESKTOP-2DBDLS4" failures="0" tests="2" name="testrunner.ParallelTest" time="18.214" errors="0" timestamp="13 Oct 2023 08:11:38 GMT" skipped="0">
  <testcase classname="testrunner.ParallelTest" name="ChromeTest" time="6.367"/>
  <testcase classname="testrunner.ParallelTest" name="FirefoxTest" time="11.847"/>
</testsuite> <!-- testrunner.ParallelTest -->
